<?xml version="1.0" encoding="UTF-8" standalone="no"?>
<!DOCTYPE log SYSTEM "logger.dtd">
<log>
<record>
  <date>2023-09-21T17:42:06.682-0300</date>
  <logger>NATA CAVALCANTE BRITO LIRA</logger>
  <level>FINE</level>
  <message>File 122210426-NATA CAVALCANTE BRITO LIRA.zip was received. It was sent by NATA CAVALCANTE BRITO LIRA from IP 192.168.0.11 at 21-09-2023 17*42*06</message>
</record>
</log>
<?xml version="1.0" encoding="UTF-8" standalone="no"?>
<!DOCTYPE log SYSTEM "logger.dtd">
<log>
<record>
  <date>2023-09-21T23:03:14.773-0300</date>
  <logger>NATA CAVALCANTE BRITO LIRA</logger>
  <level>FINE</level>
  <message>File 122210426-NATA CAVALCANTE BRITO LIRA.zip was received. It was sent by NATA CAVALCANTE BRITO LIRA from IP 192.168.0.11 at 21-09-2023 23*03*14</message>
</record>
</log>
<?xml version="1.0" encoding="UTF-8" standalone="no"?>
<!DOCTYPE log SYSTEM "logger.dtd">
<log>
<record>
  <date>2023-09-25T02:10:54.623-0300</date>
  <logger>NATA CAVALCANTE BRITO LIRA</logger>
  <level>FINE</level>
  <message>File 122210426-NATA CAVALCANTE BRITO LIRA.zip was received. It was sent by NATA CAVALCANTE BRITO LIRA from IP 192.168.0.11 at 25-09-2023 02*10*54</message>
</record>
